::1 - - [22/Jan/2019:22:25:39 +0000] "GET / HTTP/1.1" 500 51 "-" "Mozilla/5.0 (X11; Linux x86_64) AppleWebKit/537.36 (KHTML, like Gecko) Ubuntu Chromium/71.0.3578.98 Chrome/71.0.3578.98 Safari/537.36"
::1 - - [22/Jan/2019:22:25:39 +0000] "GET /favicon.ico HTTP/1.1" 500 51 "http://localhost:3000/" "Mozilla/5.0 (X11; Linux x86_64) AppleWebKit/537.36 (KHTML, like Gecko) Ubuntu Chromium/71.0.3578.98 Chrome/71.0.3578.98 Safari/537.36"
::1 - - [22/Jan/2019:22:26:01 +0000] "GET /insert HTTP/1.1" 200 2 "-" "Mozilla/5.0 (X11; Linux x86_64) AppleWebKit/537.36 (KHTML, like Gecko) Ubuntu Chromium/71.0.3578.98 Chrome/71.0.3578.98 Safari/537.36"
::1 - - [22/Jan/2019:22:26:01 +0000] "GET /favicon.ico HTTP/1.1" 500 51 "http://localhost:3000/insert" "Mozilla/5.0 (X11; Linux x86_64) AppleWebKit/537.36 (KHTML, like Gecko) Ubuntu Chromium/71.0.3578.98 Chrome/71.0.3578.98 Safari/537.36"
::1 - - [22/Jan/2019:22:33:14 +0000] "POST / HTTP/1.1" 500 51 "-" "Mozilla/5.0 (X11; Linux x86_64) AppleWebKit/537.36 (KHTML, like Gecko) Ubuntu Chromium/71.0.3578.98 Chrome/71.0.3578.98 Safari/537.36"
::1 - - [22/Jan/2019:22:36:53 +0000] "POST / HTTP/1.1" 500 47 "-" "Mozilla/5.0 (X11; Linux x86_64) AppleWebKit/537.36 (KHTML, like Gecko) Ubuntu Chromium/71.0.3578.98 Chrome/71.0.3578.98 Safari/537.36"
::1 - - [22/Jan/2019:22:38:13 +0000] "POST / HTTP/1.1" 500 47 "-" "Mozilla/5.0 (X11; Linux x86_64) AppleWebKit/537.36 (KHTML, like Gecko) Ubuntu Chromium/71.0.3578.98 Chrome/71.0.3578.98 Safari/537.36"
::1 - - [22/Jan/2019:22:38:48 +0000] "POST / HTTP/1.1" 200 50 "-" "Mozilla/5.0 (X11; Linux x86_64) AppleWebKit/537.36 (KHTML, like Gecko) Ubuntu Chromium/71.0.3578.98 Chrome/71.0.3578.98 Safari/537.36"
::1 - - [22/Jan/2019:22:40:07 +0000] "POST /insert HTTP/1.1" 200 50 "-" "Mozilla/5.0 (X11; Linux x86_64) AppleWebKit/537.36 (KHTML, like Gecko) Ubuntu Chromium/71.0.3578.98 Chrome/71.0.3578.98 Safari/537.36"
::1 - - [22/Jan/2019:22:41:18 +0000] "POST / HTTP/1.1" 200 50 "-" "Mozilla/5.0 (X11; Linux x86_64) AppleWebKit/537.36 (KHTML, like Gecko) Ubuntu Chromium/71.0.3578.98 Chrome/71.0.3578.98 Safari/537.36"
::1 - - [22/Jan/2019:22:41:23 +0000] "GET / HTTP/1.1" 200 50 "-" "Mozilla/5.0 (X11; Linux x86_64) AppleWebKit/537.36 (KHTML, like Gecko) Ubuntu Chromium/71.0.3578.98 Chrome/71.0.3578.98 Safari/537.36"
::1 - - [22/Jan/2019:22:41:26 +0000] "GET / HTTP/1.1" 200 50 "-" "Mozilla/5.0 (X11; Linux x86_64) AppleWebKit/537.36 (KHTML, like Gecko) Ubuntu Chromium/71.0.3578.98 Chrome/71.0.3578.98 Safari/537.36"
::1 - - [22/Jan/2019:22:42:16 +0000] "GET / HTTP/1.1" 500 51 "-" "Mozilla/5.0 (X11; Linux x86_64) AppleWebKit/537.36 (KHTML, like Gecko) Ubuntu Chromium/71.0.3578.98 Chrome/71.0.3578.98 Safari/537.36"
::1 - - [22/Jan/2019:22:43:21 +0000] "POST / HTTP/1.1" 200 50 "-" "Mozilla/5.0 (X11; Linux x86_64) AppleWebKit/537.36 (KHTML, like Gecko) Ubuntu Chromium/71.0.3578.98 Chrome/71.0.3578.98 Safari/537.36"
::1 - - [22/Jan/2019:22:47:25 +0000] "POST / HTTP/1.1" 200 50 "-" "Mozilla/5.0 (X11; Linux x86_64) AppleWebKit/537.36 (KHTML, like Gecko) Ubuntu Chromium/71.0.3578.98 Chrome/71.0.3578.98 Safari/537.36"
::1 - - [22/Jan/2019:22:48:30 +0000] "POST / HTTP/1.1" 200 50 "-" "Mozilla/5.0 (X11; Linux x86_64) AppleWebKit/537.36 (KHTML, like Gecko) Ubuntu Chromium/71.0.3578.98 Chrome/71.0.3578.98 Safari/537.36"
::1 - - [22/Jan/2019:22:48:36 +0000] "POST / HTTP/1.1" 200 50 "-" "Mozilla/5.0 (X11; Linux x86_64) AppleWebKit/537.36 (KHTML, like Gecko) Ubuntu Chromium/71.0.3578.98 Chrome/71.0.3578.98 Safari/537.36"
::1 - - [22/Jan/2019:22:49:32 +0000] "POST / HTTP/1.1" 200 - "-" "Mozilla/5.0 (X11; Linux x86_64) AppleWebKit/537.36 (KHTML, like Gecko) Ubuntu Chromium/71.0.3578.98 Chrome/71.0.3578.98 Safari/537.36"
::1 - - [22/Jan/2019:22:49:41 +0000] "POST /insert HTTP/1.1" 200 - "-" "Mozilla/5.0 (X11; Linux x86_64) AppleWebKit/537.36 (KHTML, like Gecko) Ubuntu Chromium/71.0.3578.98 Chrome/71.0.3578.98 Safari/537.36"
::1 - - [22/Jan/2019:22:49:51 +0000] "POST /insert HTTP/1.1" 200 2 "-" "Mozilla/5.0 (X11; Linux x86_64) AppleWebKit/537.36 (KHTML, like Gecko) Ubuntu Chromium/71.0.3578.98 Chrome/71.0.3578.98 Safari/537.36"
::1 - - [22/Jan/2019:22:50:18 +0000] "POST /insert HTTP/1.1" 200 2 "-" "Mozilla/5.0 (X11; Linux x86_64) AppleWebKit/537.36 (KHTML, like Gecko) Ubuntu Chromium/71.0.3578.98 Chrome/71.0.3578.98 Safari/537.36"
::1 - - [22/Jan/2019:22:53:40 +0000] "POST /insert HTTP/1.1" 200 2 "-" "Mozilla/5.0 (X11; Linux x86_64) AppleWebKit/537.36 (KHTML, like Gecko) Ubuntu Chromium/71.0.3578.98 Chrome/71.0.3578.98 Safari/537.36"
::1 - - [22/Jan/2019:22:56:53 +0000] "POST /insert HTTP/1.1" 200 2 "-" "Mozilla/5.0 (X11; Linux x86_64) AppleWebKit/537.36 (KHTML, like Gecko) Ubuntu Chromium/71.0.3578.98 Chrome/71.0.3578.98 Safari/537.36"
::1 - - [22/Jan/2019:22:57:01 +0000] "POST /insert HTTP/1.1" 200 2 "-" "Mozilla/5.0 (X11; Linux x86_64) AppleWebKit/537.36 (KHTML, like Gecko) Ubuntu Chromium/71.0.3578.98 Chrome/71.0.3578.98 Safari/537.36"
::1 - - [22/Jan/2019:22:57:48 +0000] "POST /insert HTTP/1.1" 500 - "-" "Mozilla/5.0 (X11; Linux x86_64) AppleWebKit/537.36 (KHTML, like Gecko) Ubuntu Chromium/71.0.3578.98 Chrome/71.0.3578.98 Safari/537.36"
::1 - - [22/Jan/2019:22:58:10 +0000] "POST /insert HTTP/1.1" 200 27 "-" "Mozilla/5.0 (X11; Linux x86_64) AppleWebKit/537.36 (KHTML, like Gecko) Ubuntu Chromium/71.0.3578.98 Chrome/71.0.3578.98 Safari/537.36"
::1 - - [22/Jan/2019:22:58:22 +0000] "POST /insert HTTP/1.1" 200 27 "-" "Mozilla/5.0 (X11; Linux x86_64) AppleWebKit/537.36 (KHTML, like Gecko) Ubuntu Chromium/71.0.3578.98 Chrome/71.0.3578.98 Safari/537.36"
::1 - - [22/Jan/2019:23:04:28 +0000] "POST /find HTTP/1.1" 200 27 "-" "Mozilla/5.0 (X11; Linux x86_64) AppleWebKit/537.36 (KHTML, like Gecko) Ubuntu Chromium/71.0.3578.98 Chrome/71.0.3578.98 Safari/537.36"
::1 - - [22/Jan/2019:23:31:19 +0000] "POST /insert HTTP/1.1" 200 27 "-" "Mozilla/5.0 (X11; Linux x86_64) AppleWebKit/537.36 (KHTML, like Gecko) Ubuntu Chromium/71.0.3578.98 Chrome/71.0.3578.98 Safari/537.36"
::1 - - [22/Jan/2019:23:40:59 +0000] "POST /insert HTTP/1.1" 200 27 "-" "Mozilla/5.0 (X11; Linux x86_64) AppleWebKit/537.36 (KHTML, like Gecko) Ubuntu Chromium/71.0.3578.98 Chrome/71.0.3578.98 Safari/537.36"
::1 - - [22/Jan/2019:23:57:42 +0000] "POST /insert HTTP/1.1" 500 65 "-" "Mozilla/5.0 (X11; Linux x86_64) AppleWebKit/537.36 (KHTML, like Gecko) Ubuntu Chromium/71.0.3578.98 Chrome/71.0.3578.98 Safari/537.36"
::1 - - [22/Jan/2019:23:58:46 +0000] "POST /insert HTTP/1.1" 500 65 "-" "Mozilla/5.0 (X11; Linux x86_64) AppleWebKit/537.36 (KHTML, like Gecko) Ubuntu Chromium/71.0.3578.98 Chrome/71.0.3578.98 Safari/537.36"
::1 - - [22/Jan/2019:23:58:56 +0000] "POST /insert HTTP/1.1" 500 65 "-" "Mozilla/5.0 (X11; Linux x86_64) AppleWebKit/537.36 (KHTML, like Gecko) Ubuntu Chromium/71.0.3578.98 Chrome/71.0.3578.98 Safari/537.36"
::1 - - [23/Jan/2019:00:17:14 +0000] "POST /insert HTTP/1.1" 500 52 "-" "Mozilla/5.0 (X11; Linux x86_64) AppleWebKit/537.36 (KHTML, like Gecko) Ubuntu Chromium/71.0.3578.98 Chrome/71.0.3578.98 Safari/537.36"
::1 - - [23/Jan/2019:00:17:22 +0000] "POST /insert HTTP/1.1" 500 52 "-" "Mozilla/5.0 (X11; Linux x86_64) AppleWebKit/537.36 (KHTML, like Gecko) Ubuntu Chromium/71.0.3578.98 Chrome/71.0.3578.98 Safari/537.36"
::1 - - [23/Jan/2019:00:19:31 +0000] "POST /insert HTTP/1.1" 500 52 "-" "Mozilla/5.0 (X11; Linux x86_64) AppleWebKit/537.36 (KHTML, like Gecko) Ubuntu Chromium/71.0.3578.98 Chrome/71.0.3578.98 Safari/537.36"
::1 - - [23/Jan/2019:00:19:36 +0000] "POST /insert HTTP/1.1" 500 52 "-" "Mozilla/5.0 (X11; Linux x86_64) AppleWebKit/537.36 (KHTML, like Gecko) Ubuntu Chromium/71.0.3578.98 Chrome/71.0.3578.98 Safari/537.36"
::1 - - [23/Jan/2019:00:20:52 +0000] "POST /insert HTTP/1.1" 500 71 "-" "Mozilla/5.0 (X11; Linux x86_64) AppleWebKit/537.36 (KHTML, like Gecko) Ubuntu Chromium/71.0.3578.98 Chrome/71.0.3578.98 Safari/537.36"
::1 - - [23/Jan/2019:00:22:07 +0000] "POST /insert HTTP/1.1" 500 65 "-" "Mozilla/5.0 (X11; Linux x86_64) AppleWebKit/537.36 (KHTML, like Gecko) Ubuntu Chromium/71.0.3578.98 Chrome/71.0.3578.98 Safari/537.36"
::1 - - [23/Jan/2019:00:22:32 +0000] "POST /insert HTTP/1.1" 500 65 "-" "Mozilla/5.0 (X11; Linux x86_64) AppleWebKit/537.36 (KHTML, like Gecko) Ubuntu Chromium/71.0.3578.98 Chrome/71.0.3578.98 Safari/537.36"
::1 - - [23/Jan/2019:00:23:09 +0000] "POST /insert HTTP/1.1" 500 65 "-" "Mozilla/5.0 (X11; Linux x86_64) AppleWebKit/537.36 (KHTML, like Gecko) Ubuntu Chromium/71.0.3578.98 Chrome/71.0.3578.98 Safari/537.36"
::1 - - [23/Jan/2019:00:23:24 +0000] "POST /insert HTTP/1.1" 200 27 "-" "Mozilla/5.0 (X11; Linux x86_64) AppleWebKit/537.36 (KHTML, like Gecko) Ubuntu Chromium/71.0.3578.98 Chrome/71.0.3578.98 Safari/537.36"
::1 - - [23/Jan/2019:00:26:10 +0000] "POST /insert HTTP/1.1" 500 65 "-" "Mozilla/5.0 (X11; Linux x86_64) AppleWebKit/537.36 (KHTML, like Gecko) Ubuntu Chromium/71.0.3578.98 Chrome/71.0.3578.98 Safari/537.36"
::1 - - [23/Jan/2019:00:26:40 +0000] "POST /insert HTTP/1.1" 500 65 "-" "Mozilla/5.0 (X11; Linux x86_64) AppleWebKit/537.36 (KHTML, like Gecko) Ubuntu Chromium/71.0.3578.98 Chrome/71.0.3578.98 Safari/537.36"
::1 - - [23/Jan/2019:00:27:17 +0000] "POST /insert HTTP/1.1" 500 65 "-" "Mozilla/5.0 (X11; Linux x86_64) AppleWebKit/537.36 (KHTML, like Gecko) Ubuntu Chromium/71.0.3578.98 Chrome/71.0.3578.98 Safari/537.36"
::1 - - [23/Jan/2019:00:27:57 +0000] "POST /insert HTTP/1.1" 200 27 "-" "Mozilla/5.0 (X11; Linux x86_64) AppleWebKit/537.36 (KHTML, like Gecko) Ubuntu Chromium/71.0.3578.98 Chrome/71.0.3578.98 Safari/537.36"
::1 - - [23/Jan/2019:00:28:16 +0000] "POST /insert HTTP/1.1" 500 70 "-" "Mozilla/5.0 (X11; Linux x86_64) AppleWebKit/537.36 (KHTML, like Gecko) Ubuntu Chromium/71.0.3578.98 Chrome/71.0.3578.98 Safari/537.36"
::1 - - [23/Jan/2019:00:28:19 +0000] "POST /insert HTTP/1.1" 200 27 "-" "Mozilla/5.0 (X11; Linux x86_64) AppleWebKit/537.36 (KHTML, like Gecko) Ubuntu Chromium/71.0.3578.98 Chrome/71.0.3578.98 Safari/537.36"
::1 - - [23/Jan/2019:00:29:38 +0000] "POST /insert HTTP/1.1" 500 70 "-" "Mozilla/5.0 (X11; Linux x86_64) AppleWebKit/537.36 (KHTML, like Gecko) Ubuntu Chromium/71.0.3578.98 Chrome/71.0.3578.98 Safari/537.36"
::1 - - [23/Jan/2019:00:30:13 +0000] "POST /insert HTTP/1.1" 500 70 "-" "Mozilla/5.0 (X11; Linux x86_64) AppleWebKit/537.36 (KHTML, like Gecko) Ubuntu Chromium/71.0.3578.98 Chrome/71.0.3578.98 Safari/537.36"
::1 - - [23/Jan/2019:00:30:46 +0000] "POST /insert HTTP/1.1" 200 27 "-" "Mozilla/5.0 (X11; Linux x86_64) AppleWebKit/537.36 (KHTML, like Gecko) Ubuntu Chromium/71.0.3578.98 Chrome/71.0.3578.98 Safari/537.36"
::1 - - [23/Jan/2019:00:31:34 +0000] "POST /insert HTTP/1.1" 500 71 "-" "Mozilla/5.0 (X11; Linux x86_64) AppleWebKit/537.36 (KHTML, like Gecko) Ubuntu Chromium/71.0.3578.98 Chrome/71.0.3578.98 Safari/537.36"
::1 - - [23/Jan/2019:00:31:52 +0000] "POST /insert HTTP/1.1" 500 71 "-" "Mozilla/5.0 (X11; Linux x86_64) AppleWebKit/537.36 (KHTML, like Gecko) Ubuntu Chromium/71.0.3578.98 Chrome/71.0.3578.98 Safari/537.36"
::1 - - [23/Jan/2019:00:34:31 +0000] "POST /insert HTTP/1.1" 500 71 "-" "Mozilla/5.0 (X11; Linux x86_64) AppleWebKit/537.36 (KHTML, like Gecko) Ubuntu Chromium/71.0.3578.98 Chrome/71.0.3578.98 Safari/537.36"
::1 - - [23/Jan/2019:00:34:33 +0000] "POST /insert HTTP/1.1" 200 27 "-" "Mozilla/5.0 (X11; Linux x86_64) AppleWebKit/537.36 (KHTML, like Gecko) Ubuntu Chromium/71.0.3578.98 Chrome/71.0.3578.98 Safari/537.36"
::1 - - [23/Jan/2019:00:34:33 +0000] "POST /insert HTTP/1.1" 200 27 "-" "Mozilla/5.0 (X11; Linux x86_64) AppleWebKit/537.36 (KHTML, like Gecko) Ubuntu Chromium/71.0.3578.98 Chrome/71.0.3578.98 Safari/537.36"
::1 - - [23/Jan/2019:00:34:34 +0000] "POST /insert HTTP/1.1" 200 27 "-" "Mozilla/5.0 (X11; Linux x86_64) AppleWebKit/537.36 (KHTML, like Gecko) Ubuntu Chromium/71.0.3578.98 Chrome/71.0.3578.98 Safari/537.36"
::1 - - [23/Jan/2019:00:35:24 +0000] "POST /insert HTTP/1.1" 200 27 "-" "Mozilla/5.0 (X11; Linux x86_64) AppleWebKit/537.36 (KHTML, like Gecko) Ubuntu Chromium/71.0.3578.98 Chrome/71.0.3578.98 Safari/537.36"
::1 - - [23/Jan/2019:00:36:06 +0000] "POST /insert HTTP/1.1" 200 27 "-" "Mozilla/5.0 (X11; Linux x86_64) AppleWebKit/537.36 (KHTML, like Gecko) Ubuntu Chromium/71.0.3578.98 Chrome/71.0.3578.98 Safari/537.36"
::1 - - [23/Jan/2019:00:37:07 +0000] "POST /insert HTTP/1.1" 500 71 "-" "Mozilla/5.0 (X11; Linux x86_64) AppleWebKit/537.36 (KHTML, like Gecko) Ubuntu Chromium/71.0.3578.98 Chrome/71.0.3578.98 Safari/537.36"
::1 - - [23/Jan/2019:00:37:10 +0000] "POST /insert HTTP/1.1" 200 27 "-" "Mozilla/5.0 (X11; Linux x86_64) AppleWebKit/537.36 (KHTML, like Gecko) Ubuntu Chromium/71.0.3578.98 Chrome/71.0.3578.98 Safari/537.36"
::1 - - [23/Jan/2019:00:37:35 +0000] "POST /insert HTTP/1.1" 500 71 "-" "Mozilla/5.0 (X11; Linux x86_64) AppleWebKit/537.36 (KHTML, like Gecko) Ubuntu Chromium/71.0.3578.98 Chrome/71.0.3578.98 Safari/537.36"
::1 - - [23/Jan/2019:00:37:39 +0000] "POST /insert HTTP/1.1" 200 27 "-" "Mozilla/5.0 (X11; Linux x86_64) AppleWebKit/537.36 (KHTML, like Gecko) Ubuntu Chromium/71.0.3578.98 Chrome/71.0.3578.98 Safari/537.36"
::1 - - [23/Jan/2019:00:38:28 +0000] "POST /insert HTTP/1.1" 500 71 "-" "Mozilla/5.0 (X11; Linux x86_64) AppleWebKit/537.36 (KHTML, like Gecko) Ubuntu Chromium/71.0.3578.98 Chrome/71.0.3578.98 Safari/537.36"
::1 - - [23/Jan/2019:00:38:29 +0000] "POST /insert HTTP/1.1" 200 27 "-" "Mozilla/5.0 (X11; Linux x86_64) AppleWebKit/537.36 (KHTML, like Gecko) Ubuntu Chromium/71.0.3578.98 Chrome/71.0.3578.98 Safari/537.36"
::1 - - [23/Jan/2019:00:39:08 +0000] "POST /insert HTTP/1.1" 500 70 "-" "Mozilla/5.0 (X11; Linux x86_64) AppleWebKit/537.36 (KHTML, like Gecko) Ubuntu Chromium/71.0.3578.98 Chrome/71.0.3578.98 Safari/537.36"
::1 - - [23/Jan/2019:00:39:08 +0000] "POST /insert HTTP/1.1" 200 27 "-" "Mozilla/5.0 (X11; Linux x86_64) AppleWebKit/537.36 (KHTML, like Gecko) Ubuntu Chromium/71.0.3578.98 Chrome/71.0.3578.98 Safari/537.36"
::1 - - [23/Jan/2019:00:39:26 +0000] "POST /find HTTP/1.1" 200 27 "-" "Mozilla/5.0 (X11; Linux x86_64) AppleWebKit/537.36 (KHTML, like Gecko) Ubuntu Chromium/71.0.3578.98 Chrome/71.0.3578.98 Safari/537.36"
::1 - - [23/Jan/2019:00:39:27 +0000] "POST /find HTTP/1.1" 200 27 "-" "Mozilla/5.0 (X11; Linux x86_64) AppleWebKit/537.36 (KHTML, like Gecko) Ubuntu Chromium/71.0.3578.98 Chrome/71.0.3578.98 Safari/537.36"
::1 - - [23/Jan/2019:00:42:13 +0000] "GET / HTTP/1.1" 200 27 "-" "Mozilla/5.0 (X11; Linux x86_64) AppleWebKit/537.36 (KHTML, like Gecko) Ubuntu Chromium/71.0.3578.98 Chrome/71.0.3578.98 Safari/537.36"
::1 - - [23/Jan/2019:00:43:05 +0000] "GET / HTTP/1.1" 500 65 "-" "Mozilla/5.0 (X11; Linux x86_64) AppleWebKit/537.36 (KHTML, like Gecko) Ubuntu Chromium/71.0.3578.98 Chrome/71.0.3578.98 Safari/537.36"
::1 - - [23/Jan/2019:00:44:04 +0000] "GET / HTTP/1.1" 500 65 "-" "Mozilla/5.0 (X11; Linux x86_64) AppleWebKit/537.36 (KHTML, like Gecko) Ubuntu Chromium/71.0.3578.98 Chrome/71.0.3578.98 Safari/537.36"
::1 - - [23/Jan/2019:00:45:31 +0000] "GET / HTTP/1.1" 500 65 "-" "Mozilla/5.0 (X11; Linux x86_64) AppleWebKit/537.36 (KHTML, like Gecko) Ubuntu Chromium/71.0.3578.98 Chrome/71.0.3578.98 Safari/537.36"
::1 - - [23/Jan/2019:00:45:33 +0000] "GET / HTTP/1.1" 500 47 "-" "Mozilla/5.0 (X11; Linux x86_64) AppleWebKit/537.36 (KHTML, like Gecko) Ubuntu Chromium/71.0.3578.98 Chrome/71.0.3578.98 Safari/537.36"
::1 - - [23/Jan/2019:00:46:43 +0000] "GET / HTTP/1.1" 500 65 "-" "Mozilla/5.0 (X11; Linux x86_64) AppleWebKit/537.36 (KHTML, like Gecko) Ubuntu Chromium/71.0.3578.98 Chrome/71.0.3578.98 Safari/537.36"
::1 - - [23/Jan/2019:00:46:44 +0000] "GET / HTTP/1.1" 500 62 "-" "Mozilla/5.0 (X11; Linux x86_64) AppleWebKit/537.36 (KHTML, like Gecko) Ubuntu Chromium/71.0.3578.98 Chrome/71.0.3578.98 Safari/537.36"
::1 - - [23/Jan/2019:00:47:04 +0000] "GET / HTTP/1.1" 500 65 "-" "Mozilla/5.0 (X11; Linux x86_64) AppleWebKit/537.36 (KHTML, like Gecko) Ubuntu Chromium/71.0.3578.98 Chrome/71.0.3578.98 Safari/537.36"
::1 - - [23/Jan/2019:00:47:05 +0000] "GET / HTTP/1.1" 500 62 "-" "Mozilla/5.0 (X11; Linux x86_64) AppleWebKit/537.36 (KHTML, like Gecko) Ubuntu Chromium/71.0.3578.98 Chrome/71.0.3578.98 Safari/537.36"
::1 - - [23/Jan/2019:00:47:58 +0000] "GET / HTTP/1.1" 500 65 "-" "Mozilla/5.0 (X11; Linux x86_64) AppleWebKit/537.36 (KHTML, like Gecko) Ubuntu Chromium/71.0.3578.98 Chrome/71.0.3578.98 Safari/537.36"
::1 - - [23/Jan/2019:00:48:58 +0000] "POST /insert HTTP/1.1" 500 70 "-" "Mozilla/5.0 (X11; Linux x86_64) AppleWebKit/537.36 (KHTML, like Gecko) Ubuntu Chromium/71.0.3578.98 Chrome/71.0.3578.98 Safari/537.36"
::1 - - [23/Jan/2019:00:48:59 +0000] "POST /insert HTTP/1.1" 200 27 "-" "Mozilla/5.0 (X11; Linux x86_64) AppleWebKit/537.36 (KHTML, like Gecko) Ubuntu Chromium/71.0.3578.98 Chrome/71.0.3578.98 Safari/537.36"
::1 - - [23/Jan/2019:00:49:26 +0000] "GET / HTTP/1.1" 500 65 "-" "Mozilla/5.0 (X11; Linux x86_64) AppleWebKit/537.36 (KHTML, like Gecko) Ubuntu Chromium/71.0.3578.98 Chrome/71.0.3578.98 Safari/537.36"
::1 - - [23/Jan/2019:00:49:27 +0000] "GET / HTTP/1.1" 200 4 "-" "Mozilla/5.0 (X11; Linux x86_64) AppleWebKit/537.36 (KHTML, like Gecko) Ubuntu Chromium/71.0.3578.98 Chrome/71.0.3578.98 Safari/537.36"
::1 - - [23/Jan/2019:00:49:31 +0000] "GET / HTTP/1.1" 200 4 "-" "Mozilla/5.0 (X11; Linux x86_64) AppleWebKit/537.36 (KHTML, like Gecko) Ubuntu Chromium/71.0.3578.98 Chrome/71.0.3578.98 Safari/537.36"
::1 - - [23/Jan/2019:00:50:30 +0000] "GET / HTTP/1.1" 200 4 "-" "Mozilla/5.0 (X11; Linux x86_64) AppleWebKit/537.36 (KHTML, like Gecko) Ubuntu Chromium/71.0.3578.98 Chrome/71.0.3578.98 Safari/537.36"
::1 - - [23/Jan/2019:00:52:09 +0000] "GET / HTTP/1.1" 500 65 "-" "Mozilla/5.0 (X11; Linux x86_64) AppleWebKit/537.36 (KHTML, like Gecko) Ubuntu Chromium/71.0.3578.98 Chrome/71.0.3578.98 Safari/537.36"
::1 - - [23/Jan/2019:00:52:10 +0000] "GET / HTTP/1.1" 500 54 "-" "Mozilla/5.0 (X11; Linux x86_64) AppleWebKit/537.36 (KHTML, like Gecko) Ubuntu Chromium/71.0.3578.98 Chrome/71.0.3578.98 Safari/537.36"
::1 - - [23/Jan/2019:00:52:17 +0000] "GET / HTTP/1.1" 500 54 "-" "Mozilla/5.0 (X11; Linux x86_64) AppleWebKit/537.36 (KHTML, like Gecko) Ubuntu Chromium/71.0.3578.98 Chrome/71.0.3578.98 Safari/537.36"
::1 - - [23/Jan/2019:00:53:54 +0000] "GET / HTTP/1.1" 500 65 "-" "Mozilla/5.0 (X11; Linux x86_64) AppleWebKit/537.36 (KHTML, like Gecko) Ubuntu Chromium/71.0.3578.98 Chrome/71.0.3578.98 Safari/537.36"
::1 - - [23/Jan/2019:00:53:56 +0000] "GET / HTTP/1.1" 500 68 "-" "Mozilla/5.0 (X11; Linux x86_64) AppleWebKit/537.36 (KHTML, like Gecko) Ubuntu Chromium/71.0.3578.98 Chrome/71.0.3578.98 Safari/537.36"
::1 - - [23/Jan/2019:00:54:54 +0000] "GET / HTTP/1.1" 500 71 "-" "Mozilla/5.0 (X11; Linux x86_64) AppleWebKit/537.36 (KHTML, like Gecko) Ubuntu Chromium/71.0.3578.98 Chrome/71.0.3578.98 Safari/537.36"
::1 - - [23/Jan/2019:00:54:55 +0000] "GET / HTTP/1.1" 500 68 "-" "Mozilla/5.0 (X11; Linux x86_64) AppleWebKit/537.36 (KHTML, like Gecko) Ubuntu Chromium/71.0.3578.98 Chrome/71.0.3578.98 Safari/537.36"
::1 - - [23/Jan/2019:00:55:25 +0000] "GET / HTTP/1.1" 500 71 "-" "Mozilla/5.0 (X11; Linux x86_64) AppleWebKit/537.36 (KHTML, like Gecko) Ubuntu Chromium/71.0.3578.98 Chrome/71.0.3578.98 Safari/537.36"
::1 - - [23/Jan/2019:00:55:26 +0000] "GET / HTTP/1.1" 500 68 "-" "Mozilla/5.0 (X11; Linux x86_64) AppleWebKit/537.36 (KHTML, like Gecko) Ubuntu Chromium/71.0.3578.98 Chrome/71.0.3578.98 Safari/537.36"
::1 - - [23/Jan/2019:00:55:27 +0000] "GET / HTTP/1.1" 500 68 "-" "Mozilla/5.0 (X11; Linux x86_64) AppleWebKit/537.36 (KHTML, like Gecko) Ubuntu Chromium/71.0.3578.98 Chrome/71.0.3578.98 Safari/537.36"
::1 - - [23/Jan/2019:00:57:16 +0000] "GET / HTTP/1.1" 500 71 "-" "Mozilla/5.0 (X11; Linux x86_64) AppleWebKit/537.36 (KHTML, like Gecko) Ubuntu Chromium/71.0.3578.98 Chrome/71.0.3578.98 Safari/537.36"
::1 - - [23/Jan/2019:00:57:18 +0000] "GET / HTTP/1.1" 500 68 "-" "Mozilla/5.0 (X11; Linux x86_64) AppleWebKit/537.36 (KHTML, like Gecko) Ubuntu Chromium/71.0.3578.98 Chrome/71.0.3578.98 Safari/537.36"
::1 - - [23/Jan/2019:00:58:03 +0000] "GET / HTTP/1.1" 500 71 "-" "Mozilla/5.0 (X11; Linux x86_64) AppleWebKit/537.36 (KHTML, like Gecko) Ubuntu Chromium/71.0.3578.98 Chrome/71.0.3578.98 Safari/537.36"
::1 - - [23/Jan/2019:00:59:26 +0000] "GET / HTTP/1.1" 500 71 "-" "Mozilla/5.0 (X11; Linux x86_64) AppleWebKit/537.36 (KHTML, like Gecko) Ubuntu Chromium/71.0.3578.98 Chrome/71.0.3578.98 Safari/537.36"
::1 - - [23/Jan/2019:00:59:27 +0000] "GET / HTTP/1.1" 500 68 "-" "Mozilla/5.0 (X11; Linux x86_64) AppleWebKit/537.36 (KHTML, like Gecko) Ubuntu Chromium/71.0.3578.98 Chrome/71.0.3578.98 Safari/537.36"
::1 - - [23/Jan/2019:01:00:38 +0000] "GET / HTTP/1.1" 500 71 "-" "Mozilla/5.0 (X11; Linux x86_64) AppleWebKit/537.36 (KHTML, like Gecko) Ubuntu Chromium/71.0.3578.98 Chrome/71.0.3578.98 Safari/537.36"
::1 - - [23/Jan/2019:01:00:54 +0000] "GET / HTTP/1.1" 500 68 "-" "Mozilla/5.0 (X11; Linux x86_64) AppleWebKit/537.36 (KHTML, like Gecko) Ubuntu Chromium/71.0.3578.98 Chrome/71.0.3578.98 Safari/537.36"
::1 - - [23/Jan/2019:01:02:02 +0000] "GET / HTTP/1.1" 500 68 "-" "Mozilla/5.0 (X11; Linux x86_64) AppleWebKit/537.36 (KHTML, like Gecko) Ubuntu Chromium/71.0.3578.98 Chrome/71.0.3578.98 Safari/537.36"
::1 - - [23/Jan/2019:01:02:41 +0000] "GET / HTTP/1.1" 500 68 "-" "Mozilla/5.0 (X11; Linux x86_64) AppleWebKit/537.36 (KHTML, like Gecko) Ubuntu Chromium/71.0.3578.98 Chrome/71.0.3578.98 Safari/537.36"
::1 - - [23/Jan/2019:01:02:42 +0000] "GET / HTTP/1.1" 500 68 "-" "Mozilla/5.0 (X11; Linux x86_64) AppleWebKit/537.36 (KHTML, like Gecko) Ubuntu Chromium/71.0.3578.98 Chrome/71.0.3578.98 Safari/537.36"
::1 - - [23/Jan/2019:01:03:21 +0000] "GET / HTTP/1.1" 500 68 "-" "Mozilla/5.0 (X11; Linux x86_64) AppleWebKit/537.36 (KHTML, like Gecko) Ubuntu Chromium/71.0.3578.98 Chrome/71.0.3578.98 Safari/537.36"
::1 - - [23/Jan/2019:01:03:29 +0000] "GET / HTTP/1.1" 500 68 "-" "Mozilla/5.0 (X11; Linux x86_64) AppleWebKit/537.36 (KHTML, like Gecko) Ubuntu Chromium/71.0.3578.98 Chrome/71.0.3578.98 Safari/537.36"
::1 - - [23/Jan/2019:01:03:58 +0000] "POST /insert HTTP/1.1" 200 27 "-" "Mozilla/5.0 (X11; Linux x86_64) AppleWebKit/537.36 (KHTML, like Gecko) Ubuntu Chromium/71.0.3578.98 Chrome/71.0.3578.98 Safari/537.36"
::1 - - [23/Jan/2019:01:04:01 +0000] "POST /insert HTTP/1.1" 200 27 "-" "Mozilla/5.0 (X11; Linux x86_64) AppleWebKit/537.36 (KHTML, like Gecko) Ubuntu Chromium/71.0.3578.98 Chrome/71.0.3578.98 Safari/537.36"
::1 - - [23/Jan/2019:01:04:05 +0000] "GET / HTTP/1.1" 500 68 "-" "Mozilla/5.0 (X11; Linux x86_64) AppleWebKit/537.36 (KHTML, like Gecko) Ubuntu Chromium/71.0.3578.98 Chrome/71.0.3578.98 Safari/537.36"
::1 - - [23/Jan/2019:01:04:42 +0000] "GET / HTTP/1.1" 500 68 "-" "Mozilla/5.0 (X11; Linux x86_64) AppleWebKit/537.36 (KHTML, like Gecko) Ubuntu Chromium/71.0.3578.98 Chrome/71.0.3578.98 Safari/537.36"
::1 - - [23/Jan/2019:01:38:21 +0000] "GET / HTTP/1.1" 500 68 "-" "Mozilla/5.0 (X11; Linux x86_64) AppleWebKit/537.36 (KHTML, like Gecko) Ubuntu Chromium/71.0.3578.98 Chrome/71.0.3578.98 Safari/537.36"
::1 - - [23/Jan/2019:01:39:59 +0000] "GET / HTTP/1.1" 500 68 "-" "Mozilla/5.0 (X11; Linux x86_64) AppleWebKit/537.36 (KHTML, like Gecko) Ubuntu Chromium/71.0.3578.98 Chrome/71.0.3578.98 Safari/537.36"
::1 - - [23/Jan/2019:01:41:49 +0000] "GET / HTTP/1.1" 200 - "-" "Mozilla/5.0 (X11; Linux x86_64) AppleWebKit/537.36 (KHTML, like Gecko) Ubuntu Chromium/71.0.3578.98 Chrome/71.0.3578.98 Safari/537.36"
::1 - - [23/Jan/2019:01:47:23 +0000] "GET / HTTP/1.1" 200 1851 "-" "Mozilla/5.0 (X11; Linux x86_64) AppleWebKit/537.36 (KHTML, like Gecko) Ubuntu Chromium/71.0.3578.98 Chrome/71.0.3578.98 Safari/537.36"
::1 - - [23/Jan/2019:01:47:53 +0000] "POST /insert HTTP/1.1" 200 27 "-" "Mozilla/5.0 (X11; Linux x86_64) AppleWebKit/537.36 (KHTML, like Gecko) Ubuntu Chromium/71.0.3578.98 Chrome/71.0.3578.98 Safari/537.36"
::1 - - [23/Jan/2019:01:52:09 +0000] "POST /insert HTTP/1.1" 200 27 "-" "Mozilla/5.0 (X11; Linux x86_64) AppleWebKit/537.36 (KHTML, like Gecko) Ubuntu Chromium/71.0.3578.98 Chrome/71.0.3578.98 Safari/537.36"
::1 - - [23/Jan/2019:01:52:47 +0000] "POST /insert HTTP/1.1" 200 271 "-" "Mozilla/5.0 (X11; Linux x86_64) AppleWebKit/537.36 (KHTML, like Gecko) Ubuntu Chromium/71.0.3578.98 Chrome/71.0.3578.98 Safari/537.36"
::1 - - [23/Jan/2019:01:54:07 +0000] "POST /insert HTTP/1.1" 200 271 "-" "Mozilla/5.0 (X11; Linux x86_64) AppleWebKit/537.36 (KHTML, like Gecko) Ubuntu Chromium/71.0.3578.98 Chrome/71.0.3578.98 Safari/537.36"
::1 - - [23/Jan/2019:01:54:17 +0000] "POST /insert HTTP/1.1" 200 271 "-" "Mozilla/5.0 (X11; Linux x86_64) AppleWebKit/537.36 (KHTML, like Gecko) Ubuntu Chromium/71.0.3578.98 Chrome/71.0.3578.98 Safari/537.36"
::1 - - [23/Jan/2019:01:55:01 +0000] "GET / HTTP/1.1" 200 2460 "-" "Mozilla/5.0 (X11; Linux x86_64) AppleWebKit/537.36 (KHTML, like Gecko) Ubuntu Chromium/71.0.3578.98 Chrome/71.0.3578.98 Safari/537.36"
::1 - - [23/Jan/2019:02:00:39 +0000] "POST /insert HTTP/1.1" 200 271 "-" "Mozilla/5.0 (X11; Linux x86_64) AppleWebKit/537.36 (KHTML, like Gecko) Ubuntu Chromium/71.0.3578.98 Chrome/71.0.3578.98 Safari/537.36"
::1 - - [23/Jan/2019:02:02:17 +0000] "POST /insert HTTP/1.1" 200 271 "-" "Mozilla/5.0 (X11; Linux x86_64) AppleWebKit/537.36 (KHTML, like Gecko) Ubuntu Chromium/71.0.3578.98 Chrome/71.0.3578.98 Safari/537.36"
::1 - - [23/Jan/2019:02:02:49 +0000] "GET / HTTP/1.1" 200 106 "-" "Mozilla/5.0 (X11; Linux x86_64) AppleWebKit/537.36 (KHTML, like Gecko) Ubuntu Chromium/71.0.3578.98 Chrome/71.0.3578.98 Safari/537.36"
::1 - - [23/Jan/2019:04:14:59 +0000] "GET / HTTP/1.1" 404 139 "-" "Mozilla/5.0 (X11; Linux x86_64) AppleWebKit/537.36 (KHTML, like Gecko) Ubuntu Chromium/71.0.3578.98 Chrome/71.0.3578.98 Safari/537.36"
::1 - - [23/Jan/2019:04:14:59 +0000] "GET /favicon.ico HTTP/1.1" 404 150 "http://localhost:3000/" "Mozilla/5.0 (X11; Linux x86_64) AppleWebKit/537.36 (KHTML, like Gecko) Ubuntu Chromium/71.0.3578.98 Chrome/71.0.3578.98 Safari/537.36"
::1 - - [23/Jan/2019:04:15:08 +0000] "GET /api HTTP/1.1" 200 106 "-" "Mozilla/5.0 (X11; Linux x86_64) AppleWebKit/537.36 (KHTML, like Gecko) Ubuntu Chromium/71.0.3578.98 Chrome/71.0.3578.98 Safari/537.36"
::1 - - [23/Jan/2019:04:15:11 +0000] "GET /api HTTP/1.1" 304 - "-" "Mozilla/5.0 (X11; Linux x86_64) AppleWebKit/537.36 (KHTML, like Gecko) Ubuntu Chromium/71.0.3578.98 Chrome/71.0.3578.98 Safari/537.36"
::1 - - [23/Jan/2019:04:15:13 +0000] "GET /api HTTP/1.1" 304 - "-" "Mozilla/5.0 (X11; Linux x86_64) AppleWebKit/537.36 (KHTML, like Gecko) Ubuntu Chromium/71.0.3578.98 Chrome/71.0.3578.98 Safari/537.36"
::1 - - [23/Jan/2019:04:18:35 +0000] "POST /api/insert HTTP/1.1" 200 271 "-" "Mozilla/5.0 (X11; Linux x86_64) AppleWebKit/537.36 (KHTML, like Gecko) Ubuntu Chromium/71.0.3578.98 Chrome/71.0.3578.98 Safari/537.36"
::1 - - [23/Jan/2019:04:18:43 +0000] "POST /api/insert HTTP/1.1" 200 4 "-" "Mozilla/5.0 (X11; Linux x86_64) AppleWebKit/537.36 (KHTML, like Gecko) Ubuntu Chromium/71.0.3578.98 Chrome/71.0.3578.98 Safari/537.36"
::1 - - [23/Jan/2019:04:19:32 +0000] "POST /api/insert HTTP/1.1" 200 144 "-" "Mozilla/5.0 (X11; Linux x86_64) AppleWebKit/537.36 (KHTML, like Gecko) Ubuntu Chromium/71.0.3578.98 Chrome/71.0.3578.98 Safari/537.36"
::1 - - [23/Jan/2019:04:20:22 +0000] "POST /api/insert HTTP/1.1" 200 271 "-" "Mozilla/5.0 (X11; Linux x86_64) AppleWebKit/537.36 (KHTML, like Gecko) Ubuntu Chromium/71.0.3578.98 Chrome/71.0.3578.98 Safari/537.36"
::1 - - [23/Jan/2019:04:20:23 +0000] "POST /api/insert HTTP/1.1" 200 144 "-" "Mozilla/5.0 (X11; Linux x86_64) AppleWebKit/537.36 (KHTML, like Gecko) Ubuntu Chromium/71.0.3578.98 Chrome/71.0.3578.98 Safari/537.36"
::1 - - [23/Jan/2019:04:21:13 +0000] "POST /api/find HTTP/1.1" 200 87 "-" "Mozilla/5.0 (X11; Linux x86_64) AppleWebKit/537.36 (KHTML, like Gecko) Ubuntu Chromium/71.0.3578.98 Chrome/71.0.3578.98 Safari/537.36"
::1 - - [23/Jan/2019:04:25:34 +0000] "GET /api/MUM HTTP/1.1" 200 281 "-" "Mozilla/5.0 (X11; Linux x86_64) AppleWebKit/537.36 (KHTML, like Gecko) Ubuntu Chromium/71.0.3578.98 Chrome/71.0.3578.98 Safari/537.36"
::1 - - [23/Jan/2019:04:26:14 +0000] "GET /api/MUM HTTP/1.1" 304 - "-" "Mozilla/5.0 (X11; Linux x86_64) AppleWebKit/537.36 (KHTML, like Gecko) Ubuntu Chromium/71.0.3578.98 Chrome/71.0.3578.98 Safari/537.36"
::1 - - [23/Jan/2019:04:26:15 +0000] "GET /api/MUM HTTP/1.1" 304 - "-" "Mozilla/5.0 (X11; Linux x86_64) AppleWebKit/537.36 (KHTML, like Gecko) Ubuntu Chromium/71.0.3578.98 Chrome/71.0.3578.98 Safari/537.36"
::1 - - [23/Jan/2019:04:26:53 +0000] "GET /api/MUM HTTP/1.1" 304 - "-" "Mozilla/5.0 (X11; Linux x86_64) AppleWebKit/537.36 (KHTML, like Gecko) Ubuntu Chromium/71.0.3578.98 Chrome/71.0.3578.98 Safari/537.36"
::1 - - [23/Jan/2019:04:28:51 +0000] "POST /api/insert HTTP/1.1" 200 271 "-" "Mozilla/5.0 (X11; Linux x86_64) AppleWebKit/537.36 (KHTML, like Gecko) Ubuntu Chromium/71.0.3578.98 Chrome/71.0.3578.98 Safari/537.36"
::1 - - [23/Jan/2019:04:29:53 +0000] "POST /api/insert HTTP/1.1" 200 271 "-" "Mozilla/5.0 (X11; Linux x86_64) AppleWebKit/537.36 (KHTML, like Gecko) Ubuntu Chromium/71.0.3578.98 Chrome/71.0.3578.98 Safari/537.36"
::1 - - [23/Jan/2019:04:30:01 +0000] "GET /api/ HTTP/1.1" 200 501 "-" "Mozilla/5.0 (X11; Linux x86_64) AppleWebKit/537.36 (KHTML, like Gecko) Ubuntu Chromium/71.0.3578.98 Chrome/71.0.3578.98 Safari/537.36"
::1 - - [23/Jan/2019:04:30:27 +0000] "GET /api/MUM HTTP/1.1" 200 501 "-" "Mozilla/5.0 (X11; Linux x86_64) AppleWebKit/537.36 (KHTML, like Gecko) Ubuntu Chromium/71.0.3578.98 Chrome/71.0.3578.98 Safari/537.36"
::1 - - [23/Jan/2019:04:30:34 +0000] "GET /api/MUM HTTP/1.1" 304 - "-" "Mozilla/5.0 (X11; Linux x86_64) AppleWebKit/537.36 (KHTML, like Gecko) Ubuntu Chromium/71.0.3578.98 Chrome/71.0.3578.98 Safari/537.36"
::1 - - [23/Jan/2019:04:31:07 +0000] "POST /api/find HTTP/1.1" 500 51 "-" "Mozilla/5.0 (X11; Linux x86_64) AppleWebKit/537.36 (KHTML, like Gecko) Ubuntu Chromium/71.0.3578.98 Chrome/71.0.3578.98 Safari/537.36"
::1 - - [23/Jan/2019:04:33:09 +0000] "GET /api/ HTTP/1.1" 304 - "-" "Mozilla/5.0 (X11; Linux x86_64) AppleWebKit/537.36 (KHTML, like Gecko) Ubuntu Chromium/71.0.3578.98 Chrome/71.0.3578.98 Safari/537.36"
::1 - - [23/Jan/2019:04:35:19 +0000] "GET /api/ HTTP/1.1" 200 501 "-" "Mozilla/5.0 (X11; Linux x86_64) AppleWebKit/537.36 (KHTML, like Gecko) Ubuntu Chromium/71.0.3578.98 Chrome/71.0.3578.98 Safari/537.36"
::1 - - [23/Jan/2019:04:36:44 +0000] "POST /api/insert HTTP/1.1" 200 271 "-" "Mozilla/5.0 (X11; Linux x86_64) AppleWebKit/537.36 (KHTML, like Gecko) Ubuntu Chromium/71.0.3578.98 Chrome/71.0.3578.98 Safari/537.36"
::1 - - [23/Jan/2019:04:36:51 +0000] "GET /api/ HTTP/1.1" 200 628 "-" "Mozilla/5.0 (X11; Linux x86_64) AppleWebKit/537.36 (KHTML, like Gecko) Ubuntu Chromium/71.0.3578.98 Chrome/71.0.3578.98 Safari/537.36"
::1 - - [23/Jan/2019:04:37:22 +0000] "POST /api/find HTTP/1.1" 500 51 "-" "Mozilla/5.0 (X11; Linux x86_64) AppleWebKit/537.36 (KHTML, like Gecko) Ubuntu Chromium/71.0.3578.98 Chrome/71.0.3578.98 Safari/537.36"
::1 - - [23/Jan/2019:04:37:45 +0000] "POST /api/find HTTP/1.1" 500 51 "-" "Mozilla/5.0 (X11; Linux x86_64) AppleWebKit/537.36 (KHTML, like Gecko) Ubuntu Chromium/71.0.3578.98 Chrome/71.0.3578.98 Safari/537.36"
::1 - - [23/Jan/2019:04:44:43 +0000] "POST /api/find HTTP/1.1" 500 51 "-" "Mozilla/5.0 (X11; Linux x86_64) AppleWebKit/537.36 (KHTML, like Gecko) Ubuntu Chromium/71.0.3578.98 Chrome/71.0.3578.98 Safari/537.36"
::1 - - [23/Jan/2019:04:44:58 +0000] "POST /api/find HTTP/1.1" 500 51 "-" "Mozilla/5.0 (X11; Linux x86_64) AppleWebKit/537.36 (KHTML, like Gecko) Ubuntu Chromium/71.0.3578.98 Chrome/71.0.3578.98 Safari/537.36"
::1 - - [23/Jan/2019:04:46:28 +0000] "POST /api/find HTTP/1.1" 500 51 "-" "Mozilla/5.0 (X11; Linux x86_64) AppleWebKit/537.36 (KHTML, like Gecko) Ubuntu Chromium/71.0.3578.98 Chrome/71.0.3578.98 Safari/537.36"
::1 - - [23/Jan/2019:04:46:45 +0000] "POST /api/find HTTP/1.1" 500 51 "-" "Mozilla/5.0 (X11; Linux x86_64) AppleWebKit/537.36 (KHTML, like Gecko) Ubuntu Chromium/71.0.3578.98 Chrome/71.0.3578.98 Safari/537.36"
::1 - - [23/Jan/2019:04:47:07 +0000] "POST /api/MUM HTTP/1.1" 200 502 "-" "Mozilla/5.0 (X11; Linux x86_64) AppleWebKit/537.36 (KHTML, like Gecko) Ubuntu Chromium/71.0.3578.98 Chrome/71.0.3578.98 Safari/537.36"
::1 - - [23/Jan/2019:04:48:08 +0000] "GET /api/ HTTP/1.1" 200 628 "-" "Mozilla/5.0 (X11; Linux x86_64) AppleWebKit/537.36 (KHTML, like Gecko) Ubuntu Chromium/71.0.3578.98 Chrome/71.0.3578.98 Safari/537.36"
::1 - - [23/Jan/2019:04:48:46 +0000] "POST /api/MUM HTTP/1.1" 200 502 "-" "Mozilla/5.0 (X11; Linux x86_64) AppleWebKit/537.36 (KHTML, like Gecko) Ubuntu Chromium/71.0.3578.98 Chrome/71.0.3578.98 Safari/537.36"
::1 - - [23/Jan/2019:04:49:31 +0000] "POST /api/MUM HTTP/1.1" 200 435 "-" "Mozilla/5.0 (X11; Linux x86_64) AppleWebKit/537.36 (KHTML, like Gecko) Ubuntu Chromium/71.0.3578.98 Chrome/71.0.3578.98 Safari/537.36"
::1 - - [23/Jan/2019:04:51:12 +0000] "POST /api/MUM HTTP/1.1" 200 2 "-" "Mozilla/5.0 (X11; Linux x86_64) AppleWebKit/537.36 (KHTML, like Gecko) Ubuntu Chromium/71.0.3578.98 Chrome/71.0.3578.98 Safari/537.36"
::1 - - [23/Jan/2019:04:51:33 +0000] "POST /api/MUM HTTP/1.1" 200 303 "-" "Mozilla/5.0 (X11; Linux x86_64) AppleWebKit/537.36 (KHTML, like Gecko) Ubuntu Chromium/71.0.3578.98 Chrome/71.0.3578.98 Safari/537.36"
::1 - - [23/Jan/2019:04:52:45 +0000] "POST /api/MUM HTTP/1.1" 200 303 "-" "Mozilla/5.0 (X11; Linux x86_64) AppleWebKit/537.36 (KHTML, like Gecko) Ubuntu Chromium/71.0.3578.98 Chrome/71.0.3578.98 Safari/537.36"
::1 - - [23/Jan/2019:04:52:55 +0000] "POST /api/MUM HTTP/1.1" 200 303 "-" "Mozilla/5.0 (X11; Linux x86_64) AppleWebKit/537.36 (KHTML, like Gecko) Ubuntu Chromium/71.0.3578.98 Chrome/71.0.3578.98 Safari/537.36"
::1 - - [23/Jan/2019:04:53:12 +0000] "POST /api/MUM HTTP/1.1" 200 303 "-" "Mozilla/5.0 (X11; Linux x86_64) AppleWebKit/537.36 (KHTML, like Gecko) Ubuntu Chromium/71.0.3578.98 Chrome/71.0.3578.98 Safari/537.36"
::1 - - [23/Jan/2019:04:53:24 +0000] "POST /api/MUM HTTP/1.1" 200 303 "-" "Mozilla/5.0 (X11; Linux x86_64) AppleWebKit/537.36 (KHTML, like Gecko) Ubuntu Chromium/71.0.3578.98 Chrome/71.0.3578.98 Safari/537.36"
::1 - - [23/Jan/2019:04:53:51 +0000] "POST /api/insert HTTP/1.1" 200 271 "-" "Mozilla/5.0 (X11; Linux x86_64) AppleWebKit/537.36 (KHTML, like Gecko) Ubuntu Chromium/71.0.3578.98 Chrome/71.0.3578.98 Safari/537.36"
::1 - - [23/Jan/2019:04:54:01 +0000] "POST /api/insert HTTP/1.1" 200 271 "-" "Mozilla/5.0 (X11; Linux x86_64) AppleWebKit/537.36 (KHTML, like Gecko) Ubuntu Chromium/71.0.3578.98 Chrome/71.0.3578.98 Safari/537.36"
::1 - - [23/Jan/2019:04:54:12 +0000] "POST /api/MUM HTTP/1.1" 200 96 "-" "Mozilla/5.0 (X11; Linux x86_64) AppleWebKit/537.36 (KHTML, like Gecko) Ubuntu Chromium/71.0.3578.98 Chrome/71.0.3578.98 Safari/537.36"
::1 - - [23/Jan/2019:04:54:38 +0000] "POST /api/MUM HTTP/1.1" 200 2 "-" "Mozilla/5.0 (X11; Linux x86_64) AppleWebKit/537.36 (KHTML, like Gecko) Ubuntu Chromium/71.0.3578.98 Chrome/71.0.3578.98 Safari/537.36"
::1 - - [23/Jan/2019:04:54:54 +0000] "POST /api/MUM HTTP/1.1" 200 2 "-" "Mozilla/5.0 (X11; Linux x86_64) AppleWebKit/537.36 (KHTML, like Gecko) Ubuntu Chromium/71.0.3578.98 Chrome/71.0.3578.98 Safari/537.36"
::1 - - [23/Jan/2019:04:59:03 +0000] "POST /api/MUM HTTP/1.1" 200 2 "-" "Mozilla/5.0 (X11; Linux x86_64) AppleWebKit/537.36 (KHTML, like Gecko) Ubuntu Chromium/71.0.3578.98 Chrome/71.0.3578.98 Safari/537.36"
::1 - - [23/Jan/2019:04:59:32 +0000] "POST /api/MUM HTTP/1.1" 200 2 "-" "Mozilla/5.0 (X11; Linux x86_64) AppleWebKit/537.36 (KHTML, like Gecko) Ubuntu Chromium/71.0.3578.98 Chrome/71.0.3578.98 Safari/537.36"
::1 - - [23/Jan/2019:05:00:18 +0000] "POST /api/MUM HTTP/1.1" 200 2 "-" "Mozilla/5.0 (X11; Linux x86_64) AppleWebKit/537.36 (KHTML, like Gecko) Ubuntu Chromium/71.0.3578.98 Chrome/71.0.3578.98 Safari/537.36"
::1 - - [23/Jan/2019:05:00:59 +0000] "POST /api/MUM HTTP/1.1" 200 2 "-" "Mozilla/5.0 (X11; Linux x86_64) AppleWebKit/537.36 (KHTML, like Gecko) Ubuntu Chromium/71.0.3578.98 Chrome/71.0.3578.98 Safari/537.36"
::1 - - [23/Jan/2019:05:01:17 +0000] "POST /api/MUM HTTP/1.1" 200 2 "-" "Mozilla/5.0 (X11; Linux x86_64) AppleWebKit/537.36 (KHTML, like Gecko) Ubuntu Chromium/71.0.3578.98 Chrome/71.0.3578.98 Safari/537.36"
::1 - - [23/Jan/2019:05:01:47 +0000] "POST /api/MUM HTTP/1.1" 200 2 "-" "Mozilla/5.0 (X11; Linux x86_64) AppleWebKit/537.36 (KHTML, like Gecko) Ubuntu Chromium/71.0.3578.98 Chrome/71.0.3578.98 Safari/537.36"
::1 - - [23/Jan/2019:05:02:10 +0000] "POST /api/MUM HTTP/1.1" 200 2 "-" "Mozilla/5.0 (X11; Linux x86_64) AppleWebKit/537.36 (KHTML, like Gecko) Ubuntu Chromium/71.0.3578.98 Chrome/71.0.3578.98 Safari/537.36"
::1 - - [23/Jan/2019:05:03:40 +0000] "POST /api/MUM HTTP/1.1" 200 2 "-" "Mozilla/5.0 (X11; Linux x86_64) AppleWebKit/537.36 (KHTML, like Gecko) Ubuntu Chromium/71.0.3578.98 Chrome/71.0.3578.98 Safari/537.36"
::1 - - [23/Jan/2019:05:03:57 +0000] "GET /api/MUM HTTP/1.1" 200 713 "-" "Mozilla/5.0 (X11; Linux x86_64) AppleWebKit/537.36 (KHTML, like Gecko) Ubuntu Chromium/71.0.3578.98 Chrome/71.0.3578.98 Safari/537.36"
::1 - - [23/Jan/2019:05:04:28 +0000] "POST /api/MUM HTTP/1.1" 200 2 "-" "Mozilla/5.0 (X11; Linux x86_64) AppleWebKit/537.36 (KHTML, like Gecko) Ubuntu Chromium/71.0.3578.98 Chrome/71.0.3578.98 Safari/537.36"
::1 - - [23/Jan/2019:05:04:40 +0000] "POST /api/MUM HTTP/1.1" 200 2 "-" "Mozilla/5.0 (X11; Linux x86_64) AppleWebKit/537.36 (KHTML, like Gecko) Ubuntu Chromium/71.0.3578.98 Chrome/71.0.3578.98 Safari/537.36"
::1 - - [23/Jan/2019:05:05:03 +0000] "POST /api/MUM HTTP/1.1" 200 303 "-" "Mozilla/5.0 (X11; Linux x86_64) AppleWebKit/537.36 (KHTML, like Gecko) Ubuntu Chromium/71.0.3578.98 Chrome/71.0.3578.98 Safari/537.36"
::1 - - [23/Jan/2019:05:06:04 +0000] "POST /api/MUM HTTP/1.1" 200 2 "-" "Mozilla/5.0 (X11; Linux x86_64) AppleWebKit/537.36 (KHTML, like Gecko) Ubuntu Chromium/71.0.3578.98 Chrome/71.0.3578.98 Safari/537.36"
::1 - - [23/Jan/2019:05:06:23 +0000] "POST /api/MUM HTTP/1.1" 200 2 "-" "Mozilla/5.0 (X11; Linux x86_64) AppleWebKit/537.36 (KHTML, like Gecko) Ubuntu Chromium/71.0.3578.98 Chrome/71.0.3578.98 Safari/537.36"
::1 - - [23/Jan/2019:05:06:54 +0000] "POST /api/MUM HTTP/1.1" 200 2 "-" "Mozilla/5.0 (X11; Linux x86_64) AppleWebKit/537.36 (KHTML, like Gecko) Ubuntu Chromium/71.0.3578.98 Chrome/71.0.3578.98 Safari/537.36"
::1 - - [23/Jan/2019:05:07:02 +0000] "POST /api/MUM HTTP/1.1" 200 2 "-" "Mozilla/5.0 (X11; Linux x86_64) AppleWebKit/537.36 (KHTML, like Gecko) Ubuntu Chromium/71.0.3578.98 Chrome/71.0.3578.98 Safari/537.36"
::1 - - [23/Jan/2019:05:07:12 +0000] "GET / HTTP/1.1" 404 139 "-" "Mozilla/5.0 (X11; Linux x86_64) AppleWebKit/537.36 (KHTML, like Gecko) Ubuntu Chromium/71.0.3578.98 Chrome/71.0.3578.98 Safari/537.36"
::1 - - [23/Jan/2019:05:07:16 +0000] "GET /api HTTP/1.1" 200 713 "-" "Mozilla/5.0 (X11; Linux x86_64) AppleWebKit/537.36 (KHTML, like Gecko) Ubuntu Chromium/71.0.3578.98 Chrome/71.0.3578.98 Safari/537.36"
::1 - - [23/Jan/2019:05:07:29 +0000] "POST /api/MUM HTTP/1.1" 200 2 "-" "Mozilla/5.0 (X11; Linux x86_64) AppleWebKit/537.36 (KHTML, like Gecko) Ubuntu Chromium/71.0.3578.98 Chrome/71.0.3578.98 Safari/537.36"
::1 - - [23/Jan/2019:05:07:37 +0000] "POST /api/MUM HTTP/1.1" 200 2 "-" "Mozilla/5.0 (X11; Linux x86_64) AppleWebKit/537.36 (KHTML, like Gecko) Ubuntu Chromium/71.0.3578.98 Chrome/71.0.3578.98 Safari/537.36"
::1 - - [23/Jan/2019:05:08:29 +0000] "POST /api/MUM HTTP/1.1" 200 2 "-" "Mozilla/5.0 (X11; Linux x86_64) AppleWebKit/537.36 (KHTML, like Gecko) Ubuntu Chromium/71.0.3578.98 Chrome/71.0.3578.98 Safari/537.36"
::1 - - [23/Jan/2019:05:08:47 +0000] "POST /api/MUM HTTP/1.1" 200 303 "-" "Mozilla/5.0 (X11; Linux x86_64) AppleWebKit/537.36 (KHTML, like Gecko) Ubuntu Chromium/71.0.3578.98 Chrome/71.0.3578.98 Safari/537.36"
::1 - - [23/Jan/2019:05:09:26 +0000] "POST /api/MUM HTTP/1.1" 200 303 "-" "Mozilla/5.0 (X11; Linux x86_64) AppleWebKit/537.36 (KHTML, like Gecko) Ubuntu Chromium/71.0.3578.98 Chrome/71.0.3578.98 Safari/537.36"
::1 - - [23/Jan/2019:05:10:08 +0000] "POST /api/MUM HTTP/1.1" 200 2 "-" "Mozilla/5.0 (X11; Linux x86_64) AppleWebKit/537.36 (KHTML, like Gecko) Ubuntu Chromium/71.0.3578.98 Chrome/71.0.3578.98 Safari/537.36"
::1 - - [23/Jan/2019:05:10:13 +0000] "POST /api/MUM HTTP/1.1" 200 2 "-" "Mozilla/5.0 (X11; Linux x86_64) AppleWebKit/537.36 (KHTML, like Gecko) Ubuntu Chromium/71.0.3578.98 Chrome/71.0.3578.98 Safari/537.36"
::1 - - [23/Jan/2019:05:10:27 +0000] "POST /api/MUM HTTP/1.1" 200 2 "-" "Mozilla/5.0 (X11; Linux x86_64) AppleWebKit/537.36 (KHTML, like Gecko) Ubuntu Chromium/71.0.3578.98 Chrome/71.0.3578.98 Safari/537.36"
::1 - - [23/Jan/2019:05:11:09 +0000] "POST /api/MUM HTTP/1.1" 200 2 "-" "Mozilla/5.0 (X11; Linux x86_64) AppleWebKit/537.36 (KHTML, like Gecko) Ubuntu Chromium/71.0.3578.98 Chrome/71.0.3578.98 Safari/537.36"
::1 - - [23/Jan/2019:05:11:45 +0000] "POST /api/MUM HTTP/1.1" 200 2 "-" "Mozilla/5.0 (X11; Linux x86_64) AppleWebKit/537.36 (KHTML, like Gecko) Ubuntu Chromium/71.0.3578.98 Chrome/71.0.3578.98 Safari/537.36"
::1 - - [23/Jan/2019:05:11:53 +0000] "POST /api/MUM HTTP/1.1" 200 2 "-" "Mozilla/5.0 (X11; Linux x86_64) AppleWebKit/537.36 (KHTML, like Gecko) Ubuntu Chromium/71.0.3578.98 Chrome/71.0.3578.98 Safari/537.36"
::1 - - [23/Jan/2019:05:12:11 +0000] "POST /api/MUM HTTP/1.1" 200 87 "-" "Mozilla/5.0 (X11; Linux x86_64) AppleWebKit/537.36 (KHTML, like Gecko) Ubuntu Chromium/71.0.3578.98 Chrome/71.0.3578.98 Safari/537.36"
::1 - - [23/Jan/2019:05:12:25 +0000] "POST /api/MUM HTTP/1.1" 200 90 "-" "Mozilla/5.0 (X11; Linux x86_64) AppleWebKit/537.36 (KHTML, like Gecko) Ubuntu Chromium/71.0.3578.98 Chrome/71.0.3578.98 Safari/537.36"
::1 - - [23/Jan/2019:05:12:54 +0000] "POST /api/MUM HTTP/1.1" 200 2 "-" "Mozilla/5.0 (X11; Linux x86_64) AppleWebKit/537.36 (KHTML, like Gecko) Ubuntu Chromium/71.0.3578.98 Chrome/71.0.3578.98 Safari/537.36"
::1 - - [23/Jan/2019:05:13:13 +0000] "POST /api/MUM HTTP/1.1" 200 90 "-" "Mozilla/5.0 (X11; Linux x86_64) AppleWebKit/537.36 (KHTML, like Gecko) Ubuntu Chromium/71.0.3578.98 Chrome/71.0.3578.98 Safari/537.36"
::1 - - [23/Jan/2019:05:13:40 +0000] "POST /api/MUM HTTP/1.1" 200 303 "-" "Mozilla/5.0 (X11; Linux x86_64) AppleWebKit/537.36 (KHTML, like Gecko) Ubuntu Chromium/71.0.3578.98 Chrome/71.0.3578.98 Safari/537.36"
