begin::1 - - [19/Jan/2019:23:20:56 +0000] "GET / HTTP/1.1" 304 - "-" "Mozilla/5.0 (X11; Linux x86_64) AppleWebKit/537.36 (KHTML, like Gecko) Ubuntu Chromium/71.0.3578.98 Chrome/71.0.3578.98 Safari/537.36"
::1 - - [19/Jan/2019:23:20:56 +0000] "GET /favicon.ico HTTP/1.1" 200 - "http://localhost:3000/" "Mozilla/5.0 (X11; Linux x86_64) AppleWebKit/537.36 (KHTML, like Gecko) Ubuntu Chromium/71.0.3578.98 Chrome/71.0.3578.98 Safari/537.36"
::1 - - [20/Jan/2019:00:22:39 +0000] "PUT / HTTP/1.1" - - "-" "Mozilla/5.0 (X11; Linux x86_64) AppleWebKit/537.36 (KHTML, like Gecko) Ubuntu Chromium/71.0.3578.98 Chrome/71.0.3578.98 Safari/537.36"
::1 - - [20/Jan/2019:00:29:59 +0000] "POST / HTTP/1.1" - - "-" "Mozilla/5.0 (X11; Linux x86_64) AppleWebKit/537.36 (KHTML, like Gecko) Ubuntu Chromium/71.0.3578.98 Chrome/71.0.3578.98 Safari/537.36"
::1 - - [20/Jan/2019:00:38:11 +0000] "POST / HTTP/1.1" - - "-" "Mozilla/5.0 (X11; Linux x86_64) AppleWebKit/537.36 (KHTML, like Gecko) Ubuntu Chromium/71.0.3578.98 Chrome/71.0.3578.98 Safari/537.36"
::1 - - [20/Jan/2019:00:50:19 +0000] "POST / HTTP/1.1" 400 622 "-" "Mozilla/5.0 (X11; Linux x86_64) AppleWebKit/537.36 (KHTML, like Gecko) Ubuntu Chromium/71.0.3578.98 Chrome/71.0.3578.98 Safari/537.36"
::1 - - [20/Jan/2019:00:52:38 +0000] "POST / HTTP/1.1" - - "-" "Mozilla/5.0 (X11; Linux x86_64) AppleWebKit/537.36 (KHTML, like Gecko) Ubuntu Chromium/71.0.3578.98 Chrome/71.0.3578.98 Safari/537.36"
::1 - - [20/Jan/2019:00:58:15 +0000] "POST / HTTP/1.1" 400 622 "-" "Mozilla/5.0 (X11; Linux x86_64) AppleWebKit/537.36 (KHTML, like Gecko) Ubuntu Chromium/71.0.3578.98 Chrome/71.0.3578.98 Safari/537.36"
::1 - - [20/Jan/2019:01:01:15 +0000] "POST / HTTP/1.1" 400 166 "-" "Mozilla/5.0 (X11; Linux x86_64) AppleWebKit/537.36 (KHTML, like Gecko) Ubuntu Chromium/71.0.3578.98 Chrome/71.0.3578.98 Safari/537.36"
::1 - - [20/Jan/2019:01:03:48 +0000] "POST / HTTP/1.1" - - "-" "Mozilla/5.0 (X11; Linux x86_64) AppleWebKit/537.36 (KHTML, like Gecko) Ubuntu Chromium/71.0.3578.98 Chrome/71.0.3578.98 Safari/537.36"
::1 - - [20/Jan/2019:01:04:56 +0000] "POST / HTTP/1.1" 200 19 "-" "Mozilla/5.0 (X11; Linux x86_64) AppleWebKit/537.36 (KHTML, like Gecko) Ubuntu Chromium/71.0.3578.98 Chrome/71.0.3578.98 Safari/537.36"
::1 - - [20/Jan/2019:01:05:17 +0000] "POST / HTTP/1.1" 200 19 "-" "Mozilla/5.0 (X11; Linux x86_64) AppleWebKit/537.36 (KHTML, like Gecko) Ubuntu Chromium/71.0.3578.98 Chrome/71.0.3578.98 Safari/537.36"
::1 - - [20/Jan/2019:01:05:50 +0000] "POST / HTTP/1.1" 200 31 "-" "Mozilla/5.0 (X11; Linux x86_64) AppleWebKit/537.36 (KHTML, like Gecko) Ubuntu Chromium/71.0.3578.98 Chrome/71.0.3578.98 Safari/537.36"
::1 - - [20/Jan/2019:01:06:57 +0000] "PUT /id/1 HTTP/1.1" 500 51 "-" "Mozilla/5.0 (X11; Linux x86_64) AppleWebKit/537.36 (KHTML, like Gecko) Ubuntu Chromium/71.0.3578.98 Chrome/71.0.3578.98 Safari/537.36"
::1 - - [20/Jan/2019:01:07:17 +0000] "PUT /id/1 HTTP/1.1" 500 51 "-" "Mozilla/5.0 (X11; Linux x86_64) AppleWebKit/537.36 (KHTML, like Gecko) Ubuntu Chromium/71.0.3578.98 Chrome/71.0.3578.98 Safari/537.36"
::1 - - [20/Jan/2019:01:07:51 +0000] "PUT /id HTTP/1.1" 200 31 "-" "Mozilla/5.0 (X11; Linux x86_64) AppleWebKit/537.36 (KHTML, like Gecko) Ubuntu Chromium/71.0.3578.98 Chrome/71.0.3578.98 Safari/537.36"
::1 - - [20/Jan/2019:01:09:17 +0000] "PUT /1 HTTP/1.1" 200 31 "-" "Mozilla/5.0 (X11; Linux x86_64) AppleWebKit/537.36 (KHTML, like Gecko) Ubuntu Chromium/71.0.3578.98 Chrome/71.0.3578.98 Safari/537.36"
::1 - - [20/Jan/2019:01:10:22 +0000] "PUT /id HTTP/1.1" 200 31 "-" "Mozilla/5.0 (X11; Linux x86_64) AppleWebKit/537.36 (KHTML, like Gecko) Ubuntu Chromium/71.0.3578.98 Chrome/71.0.3578.98 Safari/537.36"
::1 - - [20/Jan/2019:01:12:41 +0000] "POST /id HTTP/1.1" 500 51 "-" "Mozilla/5.0 (X11; Linux x86_64) AppleWebKit/537.36 (KHTML, like Gecko) Ubuntu Chromium/71.0.3578.98 Chrome/71.0.3578.98 Safari/537.36"
::1 - - [20/Jan/2019:01:12:46 +0000] "POST / HTTP/1.1" 200 31 "-" "Mozilla/5.0 (X11; Linux x86_64) AppleWebKit/537.36 (KHTML, like Gecko) Ubuntu Chromium/71.0.3578.98 Chrome/71.0.3578.98 Safari/537.36"
::1 - - [20/Jan/2019:01:13:53 +0000] "POST / HTTP/1.1" 500 67 "-" "Mozilla/5.0 (X11; Linux x86_64) AppleWebKit/537.36 (KHTML, like Gecko) Ubuntu Chromium/71.0.3578.98 Chrome/71.0.3578.98 Safari/537.36"
::1 - - [20/Jan/2019:01:14:09 +0000] "POST / HTTP/1.1" 500 67 "-" "Mozilla/5.0 (X11; Linux x86_64) AppleWebKit/537.36 (KHTML, like Gecko) Ubuntu Chromium/71.0.3578.98 Chrome/71.0.3578.98 Safari/537.36"
::1 - - [20/Jan/2019:01:14:26 +0000] "POST / HTTP/1.1" 200 42 "-" "Mozilla/5.0 (X11; Linux x86_64) AppleWebKit/537.36 (KHTML, like Gecko) Ubuntu Chromium/71.0.3578.98 Chrome/71.0.3578.98 Safari/537.36"
::1 - - [20/Jan/2019:01:14:58 +0000] "GET / HTTP/1.1" 200 53 "-" "Mozilla/5.0 (X11; Linux x86_64) AppleWebKit/537.36 (KHTML, like Gecko) Ubuntu Chromium/71.0.3578.98 Chrome/71.0.3578.98 Safari/537.36"
::1 - - [20/Jan/2019:01:15:04 +0000] "POST / HTTP/1.1" 200 42 "-" "Mozilla/5.0 (X11; Linux x86_64) AppleWebKit/537.36 (KHTML, like Gecko) Ubuntu Chromium/71.0.3578.98 Chrome/71.0.3578.98 Safari/537.36"
::1 - - [20/Jan/2019:01:15:15 +0000] "GET / HTTP/1.1" 200 64 "-" "Mozilla/5.0 (X11; Linux x86_64) AppleWebKit/537.36 (KHTML, like Gecko) Ubuntu Chromium/71.0.3578.98 Chrome/71.0.3578.98 Safari/537.36"
::1 - - [20/Jan/2019:01:18:11 +0000] "GET / HTTP/1.1" 200 53 "-" "Mozilla/5.0 (X11; Linux x86_64) AppleWebKit/537.36 (KHTML, like Gecko) Ubuntu Chromium/71.0.3578.98 Chrome/71.0.3578.98 Safari/537.36"
::1 - - [20/Jan/2019:01:18:18 +0000] "POST / HTTP/1.1" 200 42 "-" "Mozilla/5.0 (X11; Linux x86_64) AppleWebKit/537.36 (KHTML, like Gecko) Ubuntu Chromium/71.0.3578.98 Chrome/71.0.3578.98 Safari/537.36"
::1 - - [20/Jan/2019:01:18:29 +0000] "DELETE /id=1 HTTP/1.1" 500 44 "-" "Mozilla/5.0 (X11; Linux x86_64) AppleWebKit/537.36 (KHTML, like Gecko) Ubuntu Chromium/71.0.3578.98 Chrome/71.0.3578.98 Safari/537.36"
::1 - - [20/Jan/2019:01:20:14 +0000] "DELETE /id=1 HTTP/1.1" 500 63 "-" "Mozilla/5.0 (X11; Linux x86_64) AppleWebKit/537.36 (KHTML, like Gecko) Ubuntu Chromium/71.0.3578.98 Chrome/71.0.3578.98 Safari/537.36"
::1 - - [20/Jan/2019:01:20:43 +0000] "DELETE /id=1 HTTP/1.1" 500 63 "-" "Mozilla/5.0 (X11; Linux x86_64) AppleWebKit/537.36 (KHTML, like Gecko) Ubuntu Chromium/71.0.3578.98 Chrome/71.0.3578.98 Safari/537.36"
::1 - - [20/Jan/2019:01:20:58 +0000] "DELETE /id HTTP/1.1" 500 63 "-" "Mozilla/5.0 (X11; Linux x86_64) AppleWebKit/537.36 (KHTML, like Gecko) Ubuntu Chromium/71.0.3578.98 Chrome/71.0.3578.98 Safari/537.36"
